0 info it worked if it ends with ok
1 verbose cli [ 'C:\\Program Files\\nodejs\\node.exe',
1 verbose cli   'C:\\Program Files\\nodejs\\node_modules\\npm\\bin\\npm-cli.js',
1 verbose cli   'run',
1 verbose cli   'start:dev' ]
2 info using npm@3.10.3
3 info using node@v6.3.0
4 verbose run-script [ 'prestart:dev', 'start:dev', 'poststart:dev' ]
5 info lifecycle boomerang-project@1.0.0~prestart:dev: boomerang-project@1.0.0
6 silly lifecycle boomerang-project@1.0.0~prestart:dev: no script for prestart:dev, continuing
7 info lifecycle boomerang-project@1.0.0~start:dev: boomerang-project@1.0.0
8 verbose lifecycle boomerang-project@1.0.0~start:dev: unsafe-perm in lifecycle true
9 verbose lifecycle boomerang-project@1.0.0~start:dev: PATH: C:\Program Files\nodejs\node_modules\npm\bin\node-gyp-bin;C:\git\boomerang-project\node_modules\.bin;C:\Program Files\nodejs;C:\Ruby22-x64\bin;C:\ProgramData\Oracle\Java\javapath;C:\Program Files (x86)\RSA SecurID Token Common;C:\WINDOWS\system32;C:\WINDOWS;C:\WINDOWS\System32\Wbem;C:\WINDOWS\System32\WindowsPowerShell\v1.0\;C:\Program Files (x86)\Enterprise Vault\EVClient\;C:\Program Files (x86)\Windows Kits\8.1\Windows Performance Toolkit\;C:\Program Files\Microsoft SQL Server\110\Tools\Binn\;C:\Program Files (x86)\Microsoft SDKs\TypeScript\1.0\;C:\Program Files\Microsoft SQL Server\120\Tools\Binn\;C:\Program Files (x86)\Microsoft SQL Server\Client SDK\ODBC\110\Tools\Binn\;C:\Program Files (x86)\Microsoft SQL Server\120\Tools\Binn\ManagementStudio\;C:\Program Files (x86)\Microsoft SQL Server\120\Tools\Binn\;C:\Program Files (x86)\Microsoft SQL Server\120\DTS\Binn\;C:\Program Files\Microsoft\Web Platform Installer\;C:\Program Files\instantclient;C:\Program Files (x86)\Common Files\Roxio Shared\DLLShared\;C:\Program Files (x86)\Common Files\Roxio Shared\OEM\DLLShared\;C:\Program Files (x86)\Common Files\Roxio Shared\OEM\DLLShared\;C:\Program Files (x86)\Common Files\Roxio Shared\OEM\12.0\DLLShared\;C:\Program Files (x86)\Roxio\OEM\AudioCore\;C:\Program Files (x86)\WebEx\Productivity Tools;C:\Program Files\Git\cmd;C:\Program Files\nodejs\;C:\Users\jnields\AppData\Local\Programs\Python\Python35\Scripts\;C:\Users\jnields\AppData\Local\Programs\Python\Python35\;C:\Users\jnields\AppData\Local\atom\bin;C:\Users\jnields\AppData\Roaming\npm
10 verbose lifecycle boomerang-project@1.0.0~start:dev: CWD: C:\git\boomerang-project
11 silly lifecycle boomerang-project@1.0.0~start:dev: Args: [ '/d /s /c',
11 silly lifecycle   'cross-env NODE_ENV=development && npm run build && node server-bundle.js' ]
12 silly lifecycle boomerang-project@1.0.0~start:dev: Returned: code: 1  signal: null
13 info lifecycle boomerang-project@1.0.0~start:dev: Failed to exec start:dev script
14 verbose stack Error: boomerang-project@1.0.0 start:dev: `cross-env NODE_ENV=development && npm run build && node server-bundle.js`
14 verbose stack Exit status 1
14 verbose stack     at EventEmitter.<anonymous> (C:\Program Files\nodejs\node_modules\npm\lib\utils\lifecycle.js:242:16)
14 verbose stack     at emitTwo (events.js:106:13)
14 verbose stack     at EventEmitter.emit (events.js:191:7)
14 verbose stack     at ChildProcess.<anonymous> (C:\Program Files\nodejs\node_modules\npm\lib\utils\spawn.js:40:14)
14 verbose stack     at emitTwo (events.js:106:13)
14 verbose stack     at ChildProcess.emit (events.js:191:7)
14 verbose stack     at maybeClose (internal/child_process.js:852:16)
14 verbose stack     at Process.ChildProcess._handle.onexit (internal/child_process.js:215:5)
15 verbose pkgid boomerang-project@1.0.0
16 verbose cwd C:\git\boomerang-project
17 error Windows_NT 6.1.7601
18 error argv "C:\\Program Files\\nodejs\\node.exe" "C:\\Program Files\\nodejs\\node_modules\\npm\\bin\\npm-cli.js" "run" "start:dev"
19 error node v6.3.0
20 error npm  v3.10.3
21 error code ELIFECYCLE
22 error boomerang-project@1.0.0 start:dev: `cross-env NODE_ENV=development && npm run build && node server-bundle.js`
22 error Exit status 1
23 error Failed at the boomerang-project@1.0.0 start:dev script 'cross-env NODE_ENV=development && npm run build && node server-bundle.js'.
23 error Make sure you have the latest version of node.js and npm installed.
23 error If you do, this is most likely a problem with the boomerang-project package,
23 error not with npm itself.
23 error Tell the author that this fails on your system:
23 error     cross-env NODE_ENV=development && npm run build && node server-bundle.js
23 error You can get information on how to open an issue for this project with:
23 error     npm bugs boomerang-project
23 error Or if that isn't available, you can get their info via:
23 error     npm owner ls boomerang-project
23 error There is likely additional logging output above.
24 verbose exit [ 1, true ]
